[14:07:16] ConvaiSubsystemLog : Log : gRPC Creating Channel...
[14:07:16] ConvaiSubsystemLog : Log : UConvaiSubsystem Started
[14:07:16] ConvaiSubsystemLog : Log : Start Run
[14:09:42] ConvaiSubsystemLog : Log : UConvaiSubsystem Stopped
[14:09:42] ConvaiSubsystemLog : Log : End Run
[17:45:50] ConvaiSubsystemLog : Log : gRPC Creating Channel...
[17:45:50] ConvaiSubsystemLog : Log : UConvaiSubsystem Started
[17:45:50] ConvaiSubsystemLog : Log : Start Run
[17:46:03] ConvaiSubsystemLog : Log : UConvaiSubsystem Stopped
[17:46:03] ConvaiSubsystemLog : Log : End Run
[17:46:27] ConvaiSubsystemLog : Log : gRPC Creating Channel...
[17:46:27] ConvaiSubsystemLog : Log : UConvaiSubsystem Started
[17:46:27] ConvaiSubsystemLog : Log : Start Run
[17:46:34] ConvaiSubsystemLog : Log : UConvaiSubsystem Stopped
[17:46:34] ConvaiSubsystemLog : Log : End Run
[17:47:09] ConvaiSubsystemLog : Log : gRPC Creating Channel...
[17:47:09] ConvaiSubsystemLog : Log : Start Run
[17:47:09] ConvaiSubsystemLog : Log : UConvaiSubsystem Started
[17:55:12] ConvaiSubsystemLog : Log : UConvaiSubsystem Stopped
[17:55:12] ConvaiSubsystemLog : Log : End Run
[17:59:00] ConvaiSubsystemLog : Log : gRPC Creating Channel...
[17:59:00] ConvaiSubsystemLog : Log : UConvaiSubsystem Started
[17:59:00] ConvaiSubsystemLog : Log : Start Run
[17:59:30] ConvaiSubsystemLog : Log : UConvaiSubsystem Stopped
[17:59:30] ConvaiSubsystemLog : Log : End Run
[17:59:49] ConvaiSubsystemLog : Log : gRPC Creating Channel...
[17:59:49] ConvaiSubsystemLog : Log : UConvaiSubsystem Started
[17:59:49] ConvaiSubsystemLog : Log : Start Run
[18:00:03] ConvaiSubsystemLog : Log : UConvaiSubsystem Stopped
[18:00:03] ConvaiSubsystemLog : Log : End Run
[18:00:56] ConvaiSubsystemLog : Log : gRPC Creating Channel...
[18:00:56] ConvaiSubsystemLog : Log : UConvaiSubsystem Started
[18:00:56] ConvaiSubsystemLog : Log : Start Run
[18:01:02] ConvaiSubsystemLog : Log : UConvaiSubsystem Stopped
[18:01:02] ConvaiSubsystemLog : Log : End Run
[18:09:50] ConvaiSubsystemLog : Log : gRPC Creating Channel...
[18:09:50] ConvaiSubsystemLog : Log : UConvaiSubsystem Started
[18:09:50] ConvaiSubsystemLog : Log : Start Run
[18:10:13] ConvaiSubsystemLog : Log : UConvaiSubsystem Stopped
[18:10:13] ConvaiSubsystemLog : Log : End Run
[18:11:15] ConvaiSubsystemLog : Log : gRPC Creating Channel...
[18:11:16] ConvaiSubsystemLog : Log : Start Run
[18:11:16] ConvaiSubsystemLog : Log : UConvaiSubsystem Started
[18:11:27] ConvaiSubsystemLog : Log : UConvaiSubsystem Stopped
[18:11:27] ConvaiSubsystemLog : Log : End Run
[18:13:00] ConvaiSubsystemLog : Log : gRPC Creating Channel...
[18:13:00] ConvaiSubsystemLog : Log : Start Run
[18:13:00] ConvaiSubsystemLog : Log : UConvaiSubsystem Started
[18:13:16] ConvaiSubsystemLog : Log : UConvaiSubsystem Stopped
[18:13:16] ConvaiSubsystemLog : Log : End Run
[18:14:16] ConvaiSubsystemLog : Log : gRPC Creating Channel...
[18:14:16] ConvaiSubsystemLog : Log : UConvaiSubsystem Started
[18:14:16] ConvaiSubsystemLog : Log : Start Run
[18:14:26] ConvaiSubsystemLog : Log : UConvaiSubsystem Stopped
[18:14:26] ConvaiSubsystemLog : Log : End Run
[18:15:12] ConvaiSubsystemLog : Log : gRPC Creating Channel...
[18:15:12] ConvaiSubsystemLog : Log : Start Run
[18:15:12] ConvaiSubsystemLog : Log : UConvaiSubsystem Started
[18:15:22] ConvaiSubsystemLog : Log : UConvaiSubsystem Stopped
[18:15:22] ConvaiSubsystemLog : Log : End Run
[18:15:54] ConvaiSubsystemLog : Log : gRPC Creating Channel...
[18:15:54] ConvaiSubsystemLog : Log : Start Run
[18:15:54] ConvaiSubsystemLog : Log : UConvaiSubsystem Started
[18:15:56] ConvaiSubsystemLog : Log : UConvaiSubsystem Stopped
[18:15:56] ConvaiSubsystemLog : Log : End Run
[18:18:24] ConvaiSubsystemLog : Log : gRPC Creating Channel...
[18:18:24] ConvaiSubsystemLog : Log : Start Run
[18:18:24] ConvaiSubsystemLog : Log : UConvaiSubsystem Started
[18:18:47] ConvaiSubsystemLog : Log : UConvaiSubsystem Stopped
[18:18:47] ConvaiSubsystemLog : Log : End Run
[18:20:48] ConvaiSubsystemLog : Log : gRPC Creating Channel...
[18:20:48] ConvaiSubsystemLog : Log : UConvaiSubsystem Started
[18:20:48] ConvaiSubsystemLog : Log : Start Run
[18:20:59] ConvaiSubsystemLog : Log : UConvaiSubsystem Stopped
[18:20:59] ConvaiSubsystemLog : Log : End Run
[18:32:51] ConvaiSubsystemLog : Log : gRPC Creating Channel...
[18:32:51] ConvaiSubsystemLog : Log : UConvaiSubsystem Started
[18:32:51] ConvaiSubsystemLog : Log : Start Run
[18:33:02] ConvaiSubsystemLog : Log : UConvaiSubsystem Stopped
[18:33:02] ConvaiSubsystemLog : Log : End Run
[18:37:13] ConvaiSubsystemLog : Log : gRPC Creating Channel...
[18:37:13] ConvaiSubsystemLog : Log : UConvaiSubsystem Started
[18:37:13] ConvaiSubsystemLog : Log : Start Run
[18:37:50] ConvaiSubsystemLog : Log : UConvaiSubsystem Stopped
[18:37:50] ConvaiSubsystemLog : Log : End Run
[18:38:08] ConvaiSubsystemLog : Log : gRPC Creating Channel...
[18:38:08] ConvaiSubsystemLog : Log : UConvaiSubsystem Started
[18:38:08] ConvaiSubsystemLog : Log : Start Run
[18:38:19] ConvaiSubsystemLog : Log : UConvaiSubsystem Stopped
[18:38:19] ConvaiSubsystemLog : Log : End Run
[18:38:44] ConvaiSubsystemLog : Log : gRPC Creating Channel...
[18:38:44] ConvaiSubsystemLog : Log : UConvaiSubsystem Started
[18:38:44] ConvaiSubsystemLog : Log : Start Run
[18:38:58] ConvaiSubsystemLog : Log : UConvaiSubsystem Stopped
[18:38:58] ConvaiSubsystemLog : Log : End Run
[18:39:25] ConvaiSubsystemLog : Log : gRPC Creating Channel...
[18:39:25] ConvaiSubsystemLog : Log : Start Run
[18:39:25] ConvaiSubsystemLog : Log : UConvaiSubsystem Started
[18:39:28] ConvaiSubsystemLog : Log : UConvaiSubsystem Stopped
[18:39:28] ConvaiSubsystemLog : Log : End Run
[18:39:44] ConvaiSubsystemLog : Log : gRPC Creating Channel...
[18:39:44] ConvaiSubsystemLog : Log : UConvaiSubsystem Started
[18:39:44] ConvaiSubsystemLog : Log : Start Run
[18:39:51] ConvaiSubsystemLog : Log : UConvaiSubsystem Stopped
[18:39:51] ConvaiSubsystemLog : Log : End Run
[18:40:03] ConvaiSubsystemLog : Log : gRPC Creating Channel...
[18:40:03] ConvaiSubsystemLog : Log : UConvaiSubsystem Started
[18:40:03] ConvaiSubsystemLog : Log : Start Run
[18:40:08] ConvaiSubsystemLog : Log : UConvaiSubsystem Stopped
[18:40:08] ConvaiSubsystemLog : Log : End Run
[18:42:30] ConvaiSubsystemLog : Log : gRPC Creating Channel...
[18:42:30] ConvaiSubsystemLog : Log : UConvaiSubsystem Started
[18:42:30] ConvaiSubsystemLog : Log : Start Run
[18:42:39] ConvaiSubsystemLog : Log : UConvaiSubsystem Stopped
[18:42:39] ConvaiSubsystemLog : Log : End Run
[18:49:37] ConvaiSubsystemLog : Log : gRPC Creating Channel...
[18:49:37] ConvaiSubsystemLog : Log : UConvaiSubsystem Started
[18:49:37] ConvaiSubsystemLog : Log : Start Run
[18:49:41] ConvaiSubsystemLog : Log : UConvaiSubsystem Stopped
[18:49:41] ConvaiSubsystemLog : Log : End Run
[18:50:30] ConvaiSubsystemLog : Log : gRPC Creating Channel...
[18:50:30] ConvaiSubsystemLog : Log : UConvaiSubsystem Started
[18:50:30] ConvaiSubsystemLog : Log : Start Run
[18:50:42] ConvaiSubsystemLog : Log : UConvaiSubsystem Stopped
[18:50:42] ConvaiSubsystemLog : Log : End Run
[18:51:02] ConvaiSubsystemLog : Log : gRPC Creating Channel...
[18:51:02] ConvaiSubsystemLog : Log : Start Run
[18:51:02] ConvaiSubsystemLog : Log : UConvaiSubsystem Started
[18:51:08] ConvaiSubsystemLog : Log : UConvaiSubsystem Stopped
[18:51:08] ConvaiSubsystemLog : Log : End Run
[18:52:37] ConvaiSubsystemLog : Log : gRPC Creating Channel...
[18:52:37] ConvaiSubsystemLog : Log : UConvaiSubsystem Started
[18:52:37] ConvaiSubsystemLog : Log : Start Run
[18:52:42] ConvaiSubsystemLog : Log : UConvaiSubsystem Stopped
[18:52:42] ConvaiSubsystemLog : Log : End Run
[18:53:02] ConvaiSubsystemLog : Log : gRPC Creating Channel...
[18:53:02] ConvaiSubsystemLog : Log : UConvaiSubsystem Started
[18:53:02] ConvaiSubsystemLog : Log : Start Run
[18:53:04] ConvaiSubsystemLog : Log : UConvaiSubsystem Stopped
[18:53:04] ConvaiSubsystemLog : Log : End Run
[18:54:06] ConvaiSubsystemLog : Log : gRPC Creating Channel...
[18:54:06] ConvaiSubsystemLog : Log : UConvaiSubsystem Started
[18:54:06] ConvaiSubsystemLog : Log : Start Run
[18:54:19] ConvaiSubsystemLog : Log : UConvaiSubsystem Stopped
[18:54:19] ConvaiSubsystemLog : Log : End Run
[18:54:38] ConvaiSubsystemLog : Log : gRPC Creating Channel...
[18:54:38] ConvaiSubsystemLog : Log : UConvaiSubsystem Started
[18:54:38] ConvaiSubsystemLog : Log : Start Run
[18:54:43] ConvaiSubsystemLog : Log : UConvaiSubsystem Stopped
[18:54:43] ConvaiSubsystemLog : Log : End Run
[18:58:17] ConvaiSubsystemLog : Log : gRPC Creating Channel...
[18:58:17] ConvaiSubsystemLog : Log : Start Run
[18:58:17] ConvaiSubsystemLog : Log : UConvaiSubsystem Started
[18:58:29] ConvaiSubsystemLog : Log : UConvaiSubsystem Stopped
[18:58:29] ConvaiSubsystemLog : Log : End Run
[18:59:01] ConvaiSubsystemLog : Log : gRPC Creating Channel...
[18:59:01] ConvaiSubsystemLog : Log : UConvaiSubsystem Started
[18:59:01] ConvaiSubsystemLog : Log : Start Run
[18:59:06] ConvaiSubsystemLog : Log : UConvaiSubsystem Stopped
[18:59:06] ConvaiSubsystemLog : Log : End Run
[18:59:12] ConvaiSubsystemLog : Log : gRPC Creating Channel...
[18:59:12] ConvaiSubsystemLog : Log : UConvaiSubsystem Started
[18:59:12] ConvaiSubsystemLog : Log : Start Run
[18:59:27] ConvaiSubsystemLog : Log : UConvaiSubsystem Stopped
[18:59:27] ConvaiSubsystemLog : Log : End Run
[19:00:11] ConvaiSubsystemLog : Log : gRPC Creating Channel...
[19:00:11] ConvaiSubsystemLog : Log : Start Run
[19:00:11] ConvaiSubsystemLog : Log : UConvaiSubsystem Started
[19:00:18] ConvaiSubsystemLog : Log : UConvaiSubsystem Stopped
[19:00:18] ConvaiSubsystemLog : Log : End Run
[19:01:57] ConvaiSubsystemLog : Log : gRPC Creating Channel...
[19:01:57] ConvaiSubsystemLog : Log : UConvaiSubsystem Started
[19:01:57] ConvaiSubsystemLog : Log : Start Run
[19:02:01] ConvaiSubsystemLog : Log : UConvaiSubsystem Stopped
[19:02:01] ConvaiSubsystemLog : Log : End Run
[19:02:34] ConvaiSubsystemLog : Log : gRPC Creating Channel...
[19:02:34] ConvaiSubsystemLog : Log : UConvaiSubsystem Started
[19:02:34] ConvaiSubsystemLog : Log : Start Run
[19:02:37] ConvaiSubsystemLog : Log : UConvaiSubsystem Stopped
[19:02:37] ConvaiSubsystemLog : Log : End Run
[19:03:48] ConvaiSubsystemLog : Log : gRPC Creating Channel...
[19:03:48] ConvaiSubsystemLog : Log : UConvaiSubsystem Started
[19:03:48] ConvaiSubsystemLog : Log : Start Run
[19:03:52] ConvaiSubsystemLog : Log : UConvaiSubsystem Stopped
[19:03:52] ConvaiSubsystemLog : Log : End Run
[19:09:08] ConvaiSubsystemLog : Log : gRPC Creating Channel...
[19:09:08] ConvaiSubsystemLog : Log : UConvaiSubsystem Started
[19:09:08] ConvaiSubsystemLog : Log : Start Run
[19:09:28] ConvaiSubsystemLog : Log : UConvaiSubsystem Stopped
[19:09:28] ConvaiSubsystemLog : Log : End Run
[19:09:58] ConvaiSubsystemLog : Log : gRPC Creating Channel...
[19:09:58] ConvaiSubsystemLog : Log : UConvaiSubsystem Started
[19:09:58] ConvaiSubsystemLog : Log : Start Run
[19:10:05] ConvaiSubsystemLog : Log : UConvaiSubsystem Stopped
[19:10:05] ConvaiSubsystemLog : Log : End Run
[19:10:22] ConvaiSubsystemLog : Log : gRPC Creating Channel...
[19:10:22] ConvaiSubsystemLog : Log : UConvaiSubsystem Started
[19:10:22] ConvaiSubsystemLog : Log : Start Run
[19:10:26] ConvaiSubsystemLog : Log : UConvaiSubsystem Stopped
[19:10:26] ConvaiSubsystemLog : Log : End Run
[19:11:14] ConvaiSubsystemLog : Log : gRPC Creating Channel...
[19:11:14] ConvaiSubsystemLog : Log : Start Run
[19:11:14] ConvaiSubsystemLog : Log : UConvaiSubsystem Started
[19:11:24] ConvaiSubsystemLog : Log : UConvaiSubsystem Stopped
[19:11:24] ConvaiSubsystemLog : Log : End Run
[19:12:36] ConvaiSubsystemLog : Log : gRPC Creating Channel...
[19:12:36] ConvaiSubsystemLog : Log : UConvaiSubsystem Started
[19:12:36] ConvaiSubsystemLog : Log : Start Run
[19:12:49] ConvaiSubsystemLog : Log : UConvaiSubsystem Stopped
[19:12:49] ConvaiSubsystemLog : Log : End Run
[19:13:33] ConvaiSubsystemLog : Log : gRPC Creating Channel...
[19:13:33] ConvaiSubsystemLog : Log : UConvaiSubsystem Started
[19:13:33] ConvaiSubsystemLog : Log : Start Run
[19:13:36] ConvaiSubsystemLog : Log : UConvaiSubsystem Stopped
[19:13:36] ConvaiSubsystemLog : Log : End Run
[19:14:02] ConvaiSubsystemLog : Log : gRPC Creating Channel...
[19:14:02] ConvaiSubsystemLog : Log : UConvaiSubsystem Started
[19:14:02] ConvaiSubsystemLog : Log : Start Run
[19:14:05] ConvaiSubsystemLog : Log : UConvaiSubsystem Stopped
[19:14:05] ConvaiSubsystemLog : Log : End Run
[19:14:53] ConvaiSubsystemLog : Log : gRPC Creating Channel...
[19:14:53] ConvaiSubsystemLog : Log : UConvaiSubsystem Started
[19:14:53] ConvaiSubsystemLog : Log : Start Run
[19:14:57] ConvaiSubsystemLog : Log : UConvaiSubsystem Stopped
[19:14:57] ConvaiSubsystemLog : Log : End Run
[19:16:33] ConvaiSubsystemLog : Log : gRPC Creating Channel...
[19:16:33] ConvaiSubsystemLog : Log : UConvaiSubsystem Started
[19:16:33] ConvaiSubsystemLog : Log : Start Run
[19:16:38] ConvaiSubsystemLog : Log : UConvaiSubsystem Stopped
[19:16:38] ConvaiSubsystemLog : Log : End Run
[19:17:18] ConvaiSubsystemLog : Log : gRPC Creating Channel...
[19:17:18] ConvaiSubsystemLog : Log : UConvaiSubsystem Started
[19:17:18] ConvaiSubsystemLog : Log : Start Run
[19:17:26] ConvaiSubsystemLog : Log : UConvaiSubsystem Stopped
[19:17:26] ConvaiSubsystemLog : Log : End Run
[19:21:46] ConvaiSubsystemLog : Log : gRPC Creating Channel...
[19:21:46] ConvaiSubsystemLog : Log : UConvaiSubsystem Started
[19:21:46] ConvaiSubsystemLog : Log : Start Run
[19:22:13] ConvaiSubsystemLog : Log : UConvaiSubsystem Stopped
[19:22:13] ConvaiSubsystemLog : Log : End Run
[19:48:12] ConvaiSubsystemLog : Log : gRPC Creating Channel...
[19:48:12] ConvaiSubsystemLog : Log : UConvaiSubsystem Started
[19:48:12] ConvaiSubsystemLog : Log : Start Run
[19:48:41] ConvaiSubsystemLog : Log : UConvaiSubsystem Stopped
[19:48:41] ConvaiSubsystemLog : Log : End Run
[19:49:12] ConvaiSubsystemLog : Log : gRPC Creating Channel...
[19:49:12] ConvaiSubsystemLog : Log : UConvaiSubsystem Started
[19:49:12] ConvaiSubsystemLog : Log : Start Run
[19:49:23] ConvaiSubsystemLog : Log : UConvaiSubsystem Stopped
[19:49:23] ConvaiSubsystemLog : Log : End Run
[20:08:38] ConvaiSubsystemLog : Log : gRPC Creating Channel...
[20:08:38] ConvaiSubsystemLog : Log : UConvaiSubsystem Started
[20:08:38] ConvaiSubsystemLog : Log : Start Run
[20:08:56] ConvaiSubsystemLog : Log : UConvaiSubsystem Stopped
[20:08:56] ConvaiSubsystemLog : Log : End Run
[20:09:43] ConvaiSubsystemLog : Log : gRPC Creating Channel...
[20:09:43] ConvaiSubsystemLog : Log : UConvaiSubsystem Started
[20:09:43] ConvaiSubsystemLog : Log : Start Run
[20:09:58] ConvaiSubsystemLog : Log : UConvaiSubsystem Stopped
[20:09:58] ConvaiSubsystemLog : Log : End Run
[20:10:53] ConvaiSubsystemLog : Log : gRPC Creating Channel...
[20:10:53] ConvaiSubsystemLog : Log : UConvaiSubsystem Started
[20:10:53] ConvaiSubsystemLog : Log : Start Run
[20:11:03] ConvaiSubsystemLog : Log : UConvaiSubsystem Stopped
[20:11:03] ConvaiSubsystemLog : Log : End Run
[20:11:39] ConvaiSubsystemLog : Log : gRPC Creating Channel...
[20:11:39] ConvaiSubsystemLog : Log : UConvaiSubsystem Started
[20:11:39] ConvaiSubsystemLog : Log : Start Run
[20:11:48] ConvaiSubsystemLog : Log : UConvaiSubsystem Stopped
[20:11:48] ConvaiSubsystemLog : Log : End Run
[20:12:23] ConvaiSubsystemLog : Log : gRPC Creating Channel...
[20:12:23] ConvaiSubsystemLog : Log : Start Run
[20:12:23] ConvaiSubsystemLog : Log : UConvaiSubsystem Started
[20:12:33] ConvaiSubsystemLog : Log : UConvaiSubsystem Stopped
[20:12:33] ConvaiSubsystemLog : Log : End Run
[20:13:04] ConvaiSubsystemLog : Log : gRPC Creating Channel...
[20:13:04] ConvaiSubsystemLog : Log : UConvaiSubsystem Started
[20:13:04] ConvaiSubsystemLog : Log : Start Run
[20:13:10] ConvaiSubsystemLog : Log : UConvaiSubsystem Stopped
[20:13:10] ConvaiSubsystemLog : Log : End Run
[20:26:04] ConvaiSubsystemLog : Log : gRPC Creating Channel...
[20:26:04] ConvaiSubsystemLog : Log : UConvaiSubsystem Started
[20:26:04] ConvaiSubsystemLog : Log : Start Run
[20:26:12] ConvaiSubsystemLog : Log : UConvaiSubsystem Stopped
[20:26:12] ConvaiSubsystemLog : Log : End Run
[20:26:14] ConvaiSubsystemLog : Log : gRPC Creating Channel...
[20:26:14] ConvaiSubsystemLog : Log : UConvaiSubsystem Started
[20:26:14] ConvaiSubsystemLog : Log : Start Run
[20:26:20] ConvaiSubsystemLog : Log : UConvaiSubsystem Stopped
[20:26:20] ConvaiSubsystemLog : Log : End Run
[20:27:32] ConvaiSubsystemLog : Log : gRPC Creating Channel...
[20:27:32] ConvaiSubsystemLog : Log : UConvaiSubsystem Started
[20:27:32] ConvaiSubsystemLog : Log : Start Run
[20:27:57] ConvaiSubsystemLog : Log : UConvaiSubsystem Stopped
[20:27:57] ConvaiSubsystemLog : Log : End Run
[20:29:22] ConvaiSubsystemLog : Log : gRPC Creating Channel...
[20:29:22] ConvaiSubsystemLog : Log : UConvaiSubsystem Started
[20:29:22] ConvaiSubsystemLog : Log : Start Run
[20:29:36] ConvaiSubsystemLog : Log : UConvaiSubsystem Stopped
[20:29:36] ConvaiSubsystemLog : Log : End Run
