[14:46:23] ConvaiSubsystemLog : Log : gRPC Creating Channel...
[14:46:23] ConvaiSubsystemLog : Log : UConvaiSubsystem Started
[14:46:23] ConvaiSubsystemLog : Log : Start Run
[14:46:36] ConvaiSubsystemLog : Log : UConvaiSubsystem Stopped
[14:46:36] ConvaiSubsystemLog : Log : End Run
[14:46:50] ConvaiSubsystemLog : Log : gRPC Creating Channel...
[14:46:50] ConvaiSubsystemLog : Log : UConvaiSubsystem Started
[14:46:50] ConvaiSubsystemLog : Log : Start Run
[14:47:16] ConvaiSubsystemLog : Log : UConvaiSubsystem Stopped
[14:47:16] ConvaiSubsystemLog : Log : End Run
[14:47:40] ConvaiSubsystemLog : Log : gRPC Creating Channel...
[14:47:40] ConvaiSubsystemLog : Log : UConvaiSubsystem Started
[14:47:40] ConvaiSubsystemLog : Log : Start Run
[14:47:44] ConvaiSubsystemLog : Log : UConvaiSubsystem Stopped
[14:47:44] ConvaiSubsystemLog : Log : End Run
[14:48:11] ConvaiSubsystemLog : Log : gRPC Creating Channel...
[14:48:11] ConvaiSubsystemLog : Log : UConvaiSubsystem Started
[14:48:11] ConvaiSubsystemLog : Log : Start Run
[14:48:14] ConvaiSubsystemLog : Log : UConvaiSubsystem Stopped
[14:48:14] ConvaiSubsystemLog : Log : End Run
[14:48:34] ConvaiSubsystemLog : Log : gRPC Creating Channel...
[14:48:34] ConvaiSubsystemLog : Log : UConvaiSubsystem Started
[14:48:34] ConvaiSubsystemLog : Log : Start Run
[14:48:36] ConvaiSubsystemLog : Log : UConvaiSubsystem Stopped
[14:48:36] ConvaiSubsystemLog : Log : End Run
[14:48:43] ConvaiSubsystemLog : Log : gRPC Creating Channel...
[14:48:43] ConvaiSubsystemLog : Log : UConvaiSubsystem Started
[14:48:43] ConvaiSubsystemLog : Log : Start Run
[14:48:45] ConvaiSubsystemLog : Log : UConvaiSubsystem Stopped
[14:48:45] ConvaiSubsystemLog : Log : End Run
[14:49:24] ConvaiSubsystemLog : Log : gRPC Creating Channel...
[14:49:24] ConvaiSubsystemLog : Log : UConvaiSubsystem Started
[14:49:24] ConvaiSubsystemLog : Log : Start Run
[14:49:29] ConvaiSubsystemLog : Log : UConvaiSubsystem Stopped
[14:49:29] ConvaiSubsystemLog : Log : End Run
[14:49:38] ConvaiSubsystemLog : Log : gRPC Creating Channel...
[14:49:38] ConvaiSubsystemLog : Log : UConvaiSubsystem Started
[14:49:38] ConvaiSubsystemLog : Log : Start Run
[14:49:42] ConvaiSubsystemLog : Log : UConvaiSubsystem Stopped
[14:49:42] ConvaiSubsystemLog : Log : End Run
[14:51:49] ConvaiSubsystemLog : Log : gRPC Creating Channel...
[14:51:49] ConvaiSubsystemLog : Log : UConvaiSubsystem Started
[14:51:49] ConvaiSubsystemLog : Log : Start Run
[14:51:55] ConvaiSubsystemLog : Log : UConvaiSubsystem Stopped
[14:51:55] ConvaiSubsystemLog : Log : End Run
[14:52:40] ConvaiSubsystemLog : Log : gRPC Creating Channel...
[14:52:40] ConvaiSubsystemLog : Log : UConvaiSubsystem Started
[14:52:40] ConvaiSubsystemLog : Log : Start Run
[14:52:54] ConvaiSubsystemLog : Log : UConvaiSubsystem Stopped
[14:52:54] ConvaiSubsystemLog : Log : End Run
[14:53:34] ConvaiSubsystemLog : Log : gRPC Creating Channel...
[14:53:34] ConvaiSubsystemLog : Log : UConvaiSubsystem Started
[14:53:34] ConvaiSubsystemLog : Log : Start Run
[14:53:39] ConvaiSubsystemLog : Log : UConvaiSubsystem Stopped
[14:53:39] ConvaiSubsystemLog : Log : End Run
[14:56:35] ConvaiSubsystemLog : Log : gRPC Creating Channel...
[14:56:35] ConvaiSubsystemLog : Log : UConvaiSubsystem Started
[14:56:35] ConvaiSubsystemLog : Log : Start Run
[14:56:40] ConvaiSubsystemLog : Log : UConvaiSubsystem Stopped
[14:56:40] ConvaiSubsystemLog : Log : End Run
[14:57:04] ConvaiSubsystemLog : Log : gRPC Creating Channel...
[14:57:04] ConvaiSubsystemLog : Log : UConvaiSubsystem Started
[14:57:04] ConvaiSubsystemLog : Log : Start Run
[14:57:09] ConvaiSubsystemLog : Log : UConvaiSubsystem Stopped
[14:57:09] ConvaiSubsystemLog : Log : End Run
[15:19:49] ConvaiSubsystemLog : Log : gRPC Creating Channel...
[15:19:49] ConvaiSubsystemLog : Log : UConvaiSubsystem Started
[15:19:49] ConvaiSubsystemLog : Log : Start Run
[15:19:58] ConvaiSubsystemLog : Log : UConvaiSubsystem Stopped
[15:19:58] ConvaiSubsystemLog : Log : End Run
[15:53:08] ConvaiSubsystemLog : Log : gRPC Creating Channel...
[15:53:08] ConvaiSubsystemLog : Log : UConvaiSubsystem Started
[15:53:08] ConvaiSubsystemLog : Log : Start Run
[15:53:13] ConvaiSubsystemLog : Log : End Run
[15:53:13] ConvaiSubsystemLog : Log : UConvaiSubsystem Stopped
[15:53:25] ConvaiSubsystemLog : Log : gRPC Creating Channel...
[15:53:25] ConvaiSubsystemLog : Log : UConvaiSubsystem Started
[15:53:25] ConvaiSubsystemLog : Log : Start Run
[15:53:29] ConvaiSubsystemLog : Log : UConvaiSubsystem Stopped
[15:53:29] ConvaiSubsystemLog : Log : End Run
[15:57:20] ConvaiSubsystemLog : Log : gRPC Creating Channel...
[15:57:20] ConvaiSubsystemLog : Log : UConvaiSubsystem Started
[15:57:20] ConvaiSubsystemLog : Log : Start Run
[16:00:40] ConvaiSubsystemLog : Log : UConvaiSubsystem Stopped
[16:00:40] ConvaiSubsystemLog : Log : End Run
[16:13:50] ConvaiSubsystemLog : Log : gRPC Creating Channel...
[16:13:50] ConvaiSubsystemLog : Log : UConvaiSubsystem Started
[16:13:50] ConvaiSubsystemLog : Log : Start Run
[16:14:04] ConvaiSubsystemLog : Log : UConvaiSubsystem Stopped
[16:14:04] ConvaiSubsystemLog : Log : End Run
[16:14:42] ConvaiSubsystemLog : Log : gRPC Creating Channel...
[16:14:42] ConvaiSubsystemLog : Log : UConvaiSubsystem Started
[16:14:42] ConvaiSubsystemLog : Log : Start Run
[16:14:54] ConvaiSubsystemLog : Log : UConvaiSubsystem Stopped
[16:14:54] ConvaiSubsystemLog : Log : End Run
[16:17:22] ConvaiSubsystemLog : Log : gRPC Creating Channel...
[16:17:22] ConvaiSubsystemLog : Log : UConvaiSubsystem Started
[16:17:22] ConvaiSubsystemLog : Log : Start Run
[16:17:26] ConvaiSubsystemLog : Log : UConvaiSubsystem Stopped
[16:17:26] ConvaiSubsystemLog : Log : End Run
[16:23:11] ConvaiSubsystemLog : Log : gRPC Creating Channel...
[16:23:11] ConvaiSubsystemLog : Log : Start Run
[16:23:11] ConvaiSubsystemLog : Log : UConvaiSubsystem Started
[16:23:19] ConvaiSubsystemLog : Log : UConvaiSubsystem Stopped
[16:23:19] ConvaiSubsystemLog : Log : End Run
[16:34:08] ConvaiSubsystemLog : Log : gRPC Creating Channel...
[16:34:08] ConvaiSubsystemLog : Log : UConvaiSubsystem Started
[16:34:08] ConvaiSubsystemLog : Log : Start Run
[16:34:16] ConvaiSubsystemLog : Log : UConvaiSubsystem Stopped
[16:34:16] ConvaiSubsystemLog : Log : End Run
[16:36:02] ConvaiSubsystemLog : Log : gRPC Creating Channel...
[16:36:02] ConvaiSubsystemLog : Log : Start Run
[16:36:02] ConvaiSubsystemLog : Log : UConvaiSubsystem Started
[16:36:07] ConvaiSubsystemLog : Log : UConvaiSubsystem Stopped
[16:36:07] ConvaiSubsystemLog : Log : End Run
[16:37:52] ConvaiSubsystemLog : Log : gRPC Creating Channel...
[16:37:52] ConvaiSubsystemLog : Log : UConvaiSubsystem Started
[16:37:52] ConvaiSubsystemLog : Log : Start Run
[16:37:56] ConvaiSubsystemLog : Log : UConvaiSubsystem Stopped
[16:37:56] ConvaiSubsystemLog : Log : End Run
[16:41:57] ConvaiSubsystemLog : Log : gRPC Creating Channel...
[16:41:57] ConvaiSubsystemLog : Log : UConvaiSubsystem Started
[16:41:57] ConvaiSubsystemLog : Log : Start Run
[16:42:23] ConvaiSubsystemLog : Log : UConvaiSubsystem Stopped
[16:42:23] ConvaiSubsystemLog : Log : End Run
[16:44:38] ConvaiSubsystemLog : Log : gRPC Creating Channel...
[16:44:38] ConvaiSubsystemLog : Log : UConvaiSubsystem Started
[16:44:38] ConvaiSubsystemLog : Log : Start Run
[16:44:49] ConvaiSubsystemLog : Log : UConvaiSubsystem Stopped
[16:44:49] ConvaiSubsystemLog : Log : End Run
[17:22:49] ConvaiSubsystemLog : Log : gRPC Creating Channel...
[17:22:49] ConvaiSubsystemLog : Log : UConvaiSubsystem Started
[17:22:49] ConvaiSubsystemLog : Log : Start Run
[17:23:00] ConvaiSubsystemLog : Log : UConvaiSubsystem Stopped
[17:23:00] ConvaiSubsystemLog : Log : End Run
[17:34:59] ConvaiSubsystemLog : Log : gRPC Creating Channel...
[17:34:59] ConvaiSubsystemLog : Log : UConvaiSubsystem Started
[17:34:59] ConvaiSubsystemLog : Log : Start Run
[17:35:02] ConvaiSubsystemLog : Log : UConvaiSubsystem Stopped
[17:35:02] ConvaiSubsystemLog : Log : End Run
[17:35:25] ConvaiSubsystemLog : Log : gRPC Creating Channel...
[17:35:25] ConvaiSubsystemLog : Log : UConvaiSubsystem Started
[17:35:25] ConvaiSubsystemLog : Log : Start Run
[17:35:35] ConvaiSubsystemLog : Log : UConvaiSubsystem Stopped
[17:35:35] ConvaiSubsystemLog : Log : End Run
[17:36:27] ConvaiSubsystemLog : Log : gRPC Creating Channel...
[17:36:27] ConvaiSubsystemLog : Log : UConvaiSubsystem Started
[17:36:27] ConvaiSubsystemLog : Log : Start Run
[17:36:29] ConvaiSubsystemLog : Log : UConvaiSubsystem Stopped
[17:36:29] ConvaiSubsystemLog : Log : End Run
[17:36:36] ConvaiSubsystemLog : Log : gRPC Creating Channel...
[17:36:36] ConvaiSubsystemLog : Log : UConvaiSubsystem Started
[17:36:36] ConvaiSubsystemLog : Log : Start Run
[17:36:38] ConvaiSubsystemLog : Log : UConvaiSubsystem Stopped
[17:36:38] ConvaiSubsystemLog : Log : End Run
[17:39:21] ConvaiSubsystemLog : Log : gRPC Creating Channel...
[17:39:21] ConvaiSubsystemLog : Log : UConvaiSubsystem Started
[17:39:21] ConvaiSubsystemLog : Log : Start Run
[17:39:23] ConvaiSubsystemLog : Log : UConvaiSubsystem Stopped
[17:39:23] ConvaiSubsystemLog : Log : End Run
[17:40:56] ConvaiSubsystemLog : Log : gRPC Creating Channel...
[17:40:56] ConvaiSubsystemLog : Log : Start Run
[17:40:56] ConvaiSubsystemLog : Log : UConvaiSubsystem Started
[17:41:03] ConvaiSubsystemLog : Log : UConvaiSubsystem Stopped
[17:41:03] ConvaiSubsystemLog : Log : End Run
[17:43:01] ConvaiSubsystemLog : Log : gRPC Creating Channel...
[17:43:01] ConvaiSubsystemLog : Log : UConvaiSubsystem Started
[17:43:01] ConvaiSubsystemLog : Log : Start Run
[17:43:06] ConvaiSubsystemLog : Log : UConvaiSubsystem Stopped
[17:43:06] ConvaiSubsystemLog : Log : End Run
[17:44:48] ConvaiSubsystemLog : Log : gRPC Creating Channel...
[17:44:48] ConvaiSubsystemLog : Log : UConvaiSubsystem Started
[17:44:48] ConvaiSubsystemLog : Log : Start Run
[17:44:51] ConvaiSubsystemLog : Log : UConvaiSubsystem Stopped
[17:44:51] ConvaiSubsystemLog : Log : End Run
[18:16:32] ConvaiSubsystemLog : Log : gRPC Creating Channel...
[18:16:32] ConvaiSubsystemLog : Log : UConvaiSubsystem Started
[18:16:32] ConvaiSubsystemLog : Log : Start Run
[18:16:34] ConvaiSubsystemLog : Log : UConvaiSubsystem Stopped
[18:16:34] ConvaiSubsystemLog : Log : End Run
[18:18:39] ConvaiSubsystemLog : Log : gRPC Creating Channel...
[18:18:39] ConvaiSubsystemLog : Log : Start Run
[18:18:39] ConvaiSubsystemLog : Log : UConvaiSubsystem Started
[18:18:40] ConvaiSubsystemLog : Log : UConvaiSubsystem Stopped
[18:18:40] ConvaiSubsystemLog : Log : End Run
[18:18:48] ConvaiSubsystemLog : Log : gRPC Creating Channel...
[18:18:48] ConvaiSubsystemLog : Log : UConvaiSubsystem Started
[18:18:48] ConvaiSubsystemLog : Log : Start Run
[18:18:48] ConvaiSubsystemLog : Log : UConvaiSubsystem Stopped
[18:18:48] ConvaiSubsystemLog : Log : End Run
[18:21:53] ConvaiSubsystemLog : Log : gRPC Creating Channel...
[18:21:53] ConvaiSubsystemLog : Log : UConvaiSubsystem Started
[18:21:53] ConvaiSubsystemLog : Log : Start Run
[18:21:55] ConvaiSubsystemLog : Log : UConvaiSubsystem Stopped
[18:21:55] ConvaiSubsystemLog : Log : End Run
[18:22:32] ConvaiSubsystemLog : Log : gRPC Creating Channel...
[18:22:33] ConvaiSubsystemLog : Log : UConvaiSubsystem Started
[18:22:33] ConvaiSubsystemLog : Log : Start Run
[18:22:33] ConvaiSubsystemLog : Log : UConvaiSubsystem Stopped
[18:22:33] ConvaiSubsystemLog : Log : End Run
[18:28:30] ConvaiSubsystemLog : Log : gRPC Creating Channel...
[18:28:30] ConvaiSubsystemLog : Log : UConvaiSubsystem Started
[18:28:30] ConvaiSubsystemLog : Log : Start Run
[18:28:31] ConvaiSubsystemLog : Log : UConvaiSubsystem Stopped
[18:28:31] ConvaiSubsystemLog : Log : End Run
[18:29:19] ConvaiSubsystemLog : Log : gRPC Creating Channel...
[18:29:19] ConvaiSubsystemLog : Log : UConvaiSubsystem Started
[18:29:19] ConvaiSubsystemLog : Log : Start Run
[18:29:20] ConvaiSubsystemLog : Log : UConvaiSubsystem Stopped
[18:29:20] ConvaiSubsystemLog : Log : End Run
[18:30:27] ConvaiSubsystemLog : Log : gRPC Creating Channel...
[18:30:27] ConvaiSubsystemLog : Log : UConvaiSubsystem Started
[18:30:27] ConvaiSubsystemLog : Log : Start Run
[18:30:27] ConvaiSubsystemLog : Log : UConvaiSubsystem Stopped
[18:30:27] ConvaiSubsystemLog : Log : End Run
[18:35:21] ConvaiSubsystemLog : Log : gRPC Creating Channel...
[18:35:21] ConvaiSubsystemLog : Log : UConvaiSubsystem Started
[18:35:21] ConvaiSubsystemLog : Log : Start Run
[18:35:30] ConvaiSubsystemLog : Log : UConvaiSubsystem Stopped
[18:35:30] ConvaiSubsystemLog : Log : End Run
[18:36:06] ConvaiSubsystemLog : Log : gRPC Creating Channel...
[18:36:06] ConvaiSubsystemLog : Log : UConvaiSubsystem Started
[18:36:06] ConvaiSubsystemLog : Log : Start Run
[18:36:09] ConvaiSubsystemLog : Log : UConvaiSubsystem Stopped
[18:36:09] ConvaiSubsystemLog : Log : End Run
[18:38:05] ConvaiSubsystemLog : Log : gRPC Creating Channel...
[18:38:05] ConvaiSubsystemLog : Log : UConvaiSubsystem Started
[18:38:05] ConvaiSubsystemLog : Log : Start Run
[18:38:12] ConvaiSubsystemLog : Log : UConvaiSubsystem Stopped
[18:38:12] ConvaiSubsystemLog : Log : End Run
[18:38:36] ConvaiSubsystemLog : Log : gRPC Creating Channel...
[18:38:36] ConvaiSubsystemLog : Log : UConvaiSubsystem Started
[18:38:36] ConvaiSubsystemLog : Log : Start Run
[18:38:42] ConvaiSubsystemLog : Log : UConvaiSubsystem Stopped
[18:38:42] ConvaiSubsystemLog : Log : End Run
[18:41:20] ConvaiSubsystemLog : Log : gRPC Creating Channel...
[18:41:20] ConvaiSubsystemLog : Log : UConvaiSubsystem Started
[18:41:20] ConvaiSubsystemLog : Log : Start Run
[18:41:27] ConvaiSubsystemLog : Log : UConvaiSubsystem Stopped
[18:41:27] ConvaiSubsystemLog : Log : End Run
[18:42:48] ConvaiSubsystemLog : Log : gRPC Creating Channel...
[18:42:48] ConvaiSubsystemLog : Log : UConvaiSubsystem Started
[18:42:48] ConvaiSubsystemLog : Log : Start Run
[18:42:55] ConvaiSubsystemLog : Log : UConvaiSubsystem Stopped
[18:42:55] ConvaiSubsystemLog : Log : End Run
[18:48:37] ConvaiSubsystemLog : Log : gRPC Creating Channel...
[18:48:37] ConvaiSubsystemLog : Log : Start Run
[18:48:37] ConvaiSubsystemLog : Log : UConvaiSubsystem Started
[18:48:40] ConvaiSubsystemLog : Log : UConvaiSubsystem Stopped
[18:48:40] ConvaiSubsystemLog : Log : End Run
[18:50:36] ConvaiSubsystemLog : Log : gRPC Creating Channel...
[18:50:36] ConvaiSubsystemLog : Log : UConvaiSubsystem Started
[18:50:36] ConvaiSubsystemLog : Log : Start Run
[18:50:40] ConvaiSubsystemLog : Log : UConvaiSubsystem Stopped
[18:50:40] ConvaiSubsystemLog : Log : End Run
[18:51:33] ConvaiSubsystemLog : Log : gRPC Creating Channel...
[18:51:33] ConvaiSubsystemLog : Log : Start Run
[18:51:33] ConvaiSubsystemLog : Log : UConvaiSubsystem Started
[18:51:35] ConvaiSubsystemLog : Log : UConvaiSubsystem Stopped
[18:51:35] ConvaiSubsystemLog : Log : End Run
[18:53:35] ConvaiSubsystemLog : Log : gRPC Creating Channel...
[18:53:35] ConvaiSubsystemLog : Log : Start Run
[18:53:35] ConvaiSubsystemLog : Log : UConvaiSubsystem Started
[18:53:43] ConvaiSubsystemLog : Log : UConvaiSubsystem Stopped
[18:53:43] ConvaiSubsystemLog : Log : End Run
[18:55:06] ConvaiSubsystemLog : Log : gRPC Creating Channel...
[18:55:06] ConvaiSubsystemLog : Log : UConvaiSubsystem Started
[18:55:06] ConvaiSubsystemLog : Log : Start Run
[18:55:15] ConvaiSubsystemLog : Log : UConvaiSubsystem Stopped
[18:55:15] ConvaiSubsystemLog : Log : End Run
[18:56:22] ConvaiSubsystemLog : Log : gRPC Creating Channel...
[18:56:22] ConvaiSubsystemLog : Log : UConvaiSubsystem Started
[18:56:22] ConvaiSubsystemLog : Log : Start Run
[18:56:29] ConvaiSubsystemLog : Log : UConvaiSubsystem Stopped
[18:56:29] ConvaiSubsystemLog : Log : End Run
[18:56:56] ConvaiSubsystemLog : Log : gRPC Creating Channel...
[18:56:56] ConvaiSubsystemLog : Log : UConvaiSubsystem Started
[18:56:56] ConvaiSubsystemLog : Log : Start Run
[18:57:05] ConvaiSubsystemLog : Log : UConvaiSubsystem Stopped
[18:57:05] ConvaiSubsystemLog : Log : End Run
[18:57:30] ConvaiSubsystemLog : Log : gRPC Creating Channel...
[18:57:30] ConvaiSubsystemLog : Log : UConvaiSubsystem Started
[18:57:30] ConvaiSubsystemLog : Log : Start Run
[18:57:40] ConvaiSubsystemLog : Log : UConvaiSubsystem Stopped
[18:57:40] ConvaiSubsystemLog : Log : End Run
[18:58:31] ConvaiSubsystemLog : Log : gRPC Creating Channel...
[18:58:31] ConvaiSubsystemLog : Log : UConvaiSubsystem Started
[18:58:31] ConvaiSubsystemLog : Log : Start Run
[18:58:36] ConvaiSubsystemLog : Log : UConvaiSubsystem Stopped
[18:58:36] ConvaiSubsystemLog : Log : End Run
[18:59:07] ConvaiSubsystemLog : Log : gRPC Creating Channel...
[18:59:07] ConvaiSubsystemLog : Log : UConvaiSubsystem Started
[18:59:07] ConvaiSubsystemLog : Log : Start Run
[18:59:14] ConvaiSubsystemLog : Log : UConvaiSubsystem Stopped
[18:59:14] ConvaiSubsystemLog : Log : End Run
[18:59:47] ConvaiSubsystemLog : Log : gRPC Creating Channel...
[18:59:47] ConvaiSubsystemLog : Log : Start Run
[18:59:47] ConvaiSubsystemLog : Log : UConvaiSubsystem Started
[18:59:50] ConvaiSubsystemLog : Log : UConvaiSubsystem Stopped
[18:59:50] ConvaiSubsystemLog : Log : End Run
[19:01:38] ConvaiSubsystemLog : Log : gRPC Creating Channel...
[19:01:38] ConvaiSubsystemLog : Log : UConvaiSubsystem Started
[19:01:38] ConvaiSubsystemLog : Log : Start Run
[19:01:52] ConvaiSubsystemLog : Log : UConvaiSubsystem Stopped
[19:01:52] ConvaiSubsystemLog : Log : End Run
[19:05:06] ConvaiSubsystemLog : Log : gRPC Creating Channel...
[19:05:06] ConvaiSubsystemLog : Log : UConvaiSubsystem Started
[19:05:06] ConvaiSubsystemLog : Log : Start Run
[19:05:13] ConvaiSubsystemLog : Log : UConvaiSubsystem Stopped
[19:05:13] ConvaiSubsystemLog : Log : End Run
[19:05:29] ConvaiSubsystemLog : Log : gRPC Creating Channel...
[19:05:29] ConvaiSubsystemLog : Log : Start Run
[19:05:29] ConvaiSubsystemLog : Log : UConvaiSubsystem Started
[19:05:35] ConvaiSubsystemLog : Log : UConvaiSubsystem Stopped
[19:05:35] ConvaiSubsystemLog : Log : End Run
[19:07:30] ConvaiSubsystemLog : Log : gRPC Creating Channel...
[19:07:30] ConvaiSubsystemLog : Log : UConvaiSubsystem Started
[19:07:30] ConvaiSubsystemLog : Log : Start Run
[19:08:20] ConvaiSubsystemLog : Log : UConvaiSubsystem Stopped
[19:08:20] ConvaiSubsystemLog : Log : End Run
[19:56:39] ConvaiSubsystemLog : Log : gRPC Creating Channel...
[19:56:39] ConvaiSubsystemLog : Log : UConvaiSubsystem Started
[19:56:39] ConvaiSubsystemLog : Log : Start Run
[19:56:43] ConvaiSubsystemLog : Log : UConvaiSubsystem Stopped
[19:56:43] ConvaiSubsystemLog : Log : End Run
[19:58:48] ConvaiSubsystemLog : Log : gRPC Creating Channel...
[19:58:48] ConvaiSubsystemLog : Log : UConvaiSubsystem Started
[19:58:48] ConvaiSubsystemLog : Log : Start Run
[19:59:05] ConvaiSubsystemLog : Log : UConvaiSubsystem Stopped
[19:59:05] ConvaiSubsystemLog : Log : End Run
[19:59:14] ConvaiSubsystemLog : Log : gRPC Creating Channel...
[19:59:14] ConvaiSubsystemLog : Log : UConvaiSubsystem Started
[19:59:14] ConvaiSubsystemLog : Log : Start Run
[19:59:18] ConvaiSubsystemLog : Log : UConvaiSubsystem Stopped
[19:59:18] ConvaiSubsystemLog : Log : End Run
[19:59:21] ConvaiSubsystemLog : Log : gRPC Creating Channel...
[19:59:21] ConvaiSubsystemLog : Log : UConvaiSubsystem Started
[19:59:21] ConvaiSubsystemLog : Log : Start Run
[19:59:26] ConvaiSubsystemLog : Log : UConvaiSubsystem Stopped
[19:59:26] ConvaiSubsystemLog : Log : End Run
[19:59:37] ConvaiSubsystemLog : Log : gRPC Creating Channel...
[19:59:37] ConvaiSubsystemLog : Log : UConvaiSubsystem Started
[19:59:37] ConvaiSubsystemLog : Log : Start Run
[19:59:40] ConvaiSubsystemLog : Log : UConvaiSubsystem Stopped
[19:59:40] ConvaiSubsystemLog : Log : End Run
[19:59:51] ConvaiSubsystemLog : Log : gRPC Creating Channel...
[19:59:51] ConvaiSubsystemLog : Log : UConvaiSubsystem Started
[19:59:51] ConvaiSubsystemLog : Log : Start Run
[19:59:58] ConvaiSubsystemLog : Log : UConvaiSubsystem Stopped
[19:59:58] ConvaiSubsystemLog : Log : End Run
[20:00:06] ConvaiSubsystemLog : Log : gRPC Creating Channel...
[20:00:06] ConvaiSubsystemLog : Log : Start Run
[20:00:06] ConvaiSubsystemLog : Log : UConvaiSubsystem Started
[20:00:21] ConvaiSubsystemLog : Log : UConvaiSubsystem Stopped
[20:00:21] ConvaiSubsystemLog : Log : End Run
[20:02:08] ConvaiSubsystemLog : Log : gRPC Creating Channel...
[20:02:08] ConvaiSubsystemLog : Log : UConvaiSubsystem Started
[20:02:08] ConvaiSubsystemLog : Log : Start Run
[20:02:13] ConvaiSubsystemLog : Log : UConvaiSubsystem Stopped
[20:02:13] ConvaiSubsystemLog : Log : End Run
[20:02:19] ConvaiSubsystemLog : Log : gRPC Creating Channel...
[20:02:19] ConvaiSubsystemLog : Log : UConvaiSubsystem Started
[20:02:19] ConvaiSubsystemLog : Log : Start Run
[20:02:22] ConvaiSubsystemLog : Log : UConvaiSubsystem Stopped
[20:02:22] ConvaiSubsystemLog : Log : End Run
[20:05:10] ConvaiSubsystemLog : Log : gRPC Creating Channel...
[20:05:10] ConvaiSubsystemLog : Log : UConvaiSubsystem Started
[20:05:10] ConvaiSubsystemLog : Log : Start Run
[20:05:13] ConvaiSubsystemLog : Log : UConvaiSubsystem Stopped
[20:05:13] ConvaiSubsystemLog : Log : End Run
[20:23:20] ConvaiSubsystemLog : Log : gRPC Creating Channel...
[20:23:20] ConvaiSubsystemLog : Log : UConvaiSubsystem Started
[20:23:20] ConvaiSubsystemLog : Log : Start Run
[20:23:29] ConvaiSubsystemLog : Log : UConvaiSubsystem Stopped
[20:23:29] ConvaiSubsystemLog : Log : End Run
[20:28:19] ConvaiSubsystemLog : Log : gRPC Creating Channel...
[20:28:19] ConvaiSubsystemLog : Log : UConvaiSubsystem Started
[20:28:19] ConvaiSubsystemLog : Log : Start Run
[20:28:27] ConvaiSubsystemLog : Log : UConvaiSubsystem Stopped
[20:28:27] ConvaiSubsystemLog : Log : End Run
[23:18:42] ConvaiSubsystemLog : Log : gRPC Creating Channel...
[23:18:42] ConvaiSubsystemLog : Log : UConvaiSubsystem Started
[23:18:42] ConvaiSubsystemLog : Log : Start Run
[23:19:31] ConvaiSubsystemLog : Log : UConvaiSubsystem Stopped
[23:19:31] ConvaiSubsystemLog : Log : End Run
[23:46:11] ConvaiSubsystemLog : Log : gRPC Creating Channel...
[23:46:11] ConvaiSubsystemLog : Log : UConvaiSubsystem Started
[23:46:11] ConvaiSubsystemLog : Log : Start Run
[23:46:35] ConvaiSubsystemLog : Log : UConvaiSubsystem Stopped
[23:46:35] ConvaiSubsystemLog : Log : End Run
[23:50:05] ConvaiSubsystemLog : Log : gRPC Creating Channel...
[23:50:05] ConvaiSubsystemLog : Log : Start Run
[23:50:05] ConvaiSubsystemLog : Log : UConvaiSubsystem Started
[23:50:09] ConvaiSubsystemLog : Log : UConvaiSubsystem Stopped
[23:50:09] ConvaiSubsystemLog : Log : End Run
[23:50:44] ConvaiSubsystemLog : Log : gRPC Creating Channel...
[23:50:44] ConvaiSubsystemLog : Log : UConvaiSubsystem Started
[23:50:44] ConvaiSubsystemLog : Log : Start Run
[23:50:59] ConvaiSubsystemLog : Log : UConvaiSubsystem Stopped
[23:50:59] ConvaiSubsystemLog : Log : End Run
[23:57:17] ConvaiSubsystemLog : Log : gRPC Creating Channel...
[23:57:17] ConvaiSubsystemLog : Log : UConvaiSubsystem Started
[23:57:17] ConvaiSubsystemLog : Log : Start Run
[23:57:27] ConvaiSubsystemLog : Log : UConvaiSubsystem Stopped
[23:57:27] ConvaiSubsystemLog : Log : End Run
[23:59:25] ConvaiSubsystemLog : Log : gRPC Creating Channel...
[23:59:25] ConvaiSubsystemLog : Log : Start Run
[23:59:25] ConvaiSubsystemLog : Log : UConvaiSubsystem Started
[23:59:38] ConvaiSubsystemLog : Log : UConvaiSubsystem Stopped
[23:59:38] ConvaiSubsystemLog : Log : End Run
[00:59:52] ConvaiSubsystemLog : Log : gRPC Creating Channel...
[00:59:52] ConvaiSubsystemLog : Log : Start Run
[00:59:52] ConvaiSubsystemLog : Log : UConvaiSubsystem Started
[01:00:27] ConvaiSubsystemLog : Log : UConvaiSubsystem Stopped
[01:00:27] ConvaiSubsystemLog : Log : End Run
[01:00:29] ConvaiSubsystemLog : Log : gRPC Creating Channel...
[01:00:29] ConvaiSubsystemLog : Log : UConvaiSubsystem Started
[01:00:29] ConvaiSubsystemLog : Log : Start Run
[01:00:43] ConvaiSubsystemLog : Log : UConvaiSubsystem Stopped
[01:00:43] ConvaiSubsystemLog : Log : End Run
[01:01:33] ConvaiSubsystemLog : Log : gRPC Creating Channel...
[01:01:33] ConvaiSubsystemLog : Log : UConvaiSubsystem Started
[01:01:33] ConvaiSubsystemLog : Log : Start Run
[01:02:02] ConvaiSubsystemLog : Log : UConvaiSubsystem Stopped
[01:02:02] ConvaiSubsystemLog : Log : End Run
[01:15:21] ConvaiChatbotComponentLog : Log : Cleanup | Character ID :  | Session ID : -1
[01:15:21] ConvaiGRPCLog : Log : Destroying UConvaiGRPCGetResponseProxy... | Character ID :  | Session ID : 
[01:15:21] ConvaiGRPCFeedBackLog : Log : On Stream Finish | Interaction ID :  | Feedback Text :  | ThumbsUp: False
